<?xml version="1.0" encoding="UTF-8"?>
<!-- Generated by org.testng.reporters.JUnitReportReporter -->
<testsuite hostname="Rafa" failures="0" tests="5" name="pagesTest.HomePageTest" time="9.415" errors="0" timestamp="2023-11-29T16:56:20 EST" skipped="4">
  <testcase classname="pagesTest.HomePageTest" name="signUpButton" time="9.415"/>
  <testcase classname="pagesTest.HomePageTest" name="EnterYourEmailButtonTest">
    <skipped/>
  </testcase> <!-- EnterYourEmailButtonTest -->
  <testcase classname="pagesTest.HomePageTest" name="LoginButtonTest">
    <skipped/>
  </testcase> <!-- LoginButtonTest -->
  <testcase classname="pagesTest.HomePageTest" name="condoButton">
    <skipped/>
  </testcase> <!-- condoButton -->
  <testcase classname="pagesTest.HomePageTest" name="rentersButton">
    <skipped/>
  </testcase> <!-- rentersButton -->
</testsuite> <!-- pagesTest.HomePageTest -->
