<?xml version="1.0" encoding="UTF-8"?>
<!-- Generated by org.testng.reporters.JUnitReportReporter -->
<testsuite hostname="Rafa" failures="0" tests="1" name="pagesTest.HomePageTest" time="34.106" errors="0" timestamp="2023-12-12T00:19:55 EST" skipped="0">
  <testcase classname="pagesTest.HomePageTest" name="inputTextInUserIdAndPasswordFieldThenClickLoginButtonTest" time="34.106">
    <system-out>
      <![CDATA[Sleeping ... zZz 1<br>
[[ChromeDriver: chrome on windows (c90de583734e0d1b3c36063ad5008d07)] -> xpath: //a[text()='Sign Up']]<---------> has been clicked<br>
Sleeping ... zZz 1<br>
ruhulrana82@yahoo.com <-----> has been put into <-----> [[ChromeDriver: chrome on windows (c90de583734e0d1b3c36063ad5008d07)] -> xpath: //input[@id='EMAIL']]<br>
Sleeping ... zZz 1<br>
Md <-----> has been put into <-----> [[ChromeDriver: chrome on windows (c90de583734e0d1b3c36063ad5008d07)] -> xpath: //input[@id='FNAME']]<br>
Sleeping ... zZz 1<br>
B <-----> has been put into <-----> [[ChromeDriver: chrome on windows (c90de583734e0d1b3c36063ad5008d07)] -> xpath: //input[@name='MNAME']]<br>
Sleeping ... zZz 1<br>
Chowdhury <-----> has been put into <-----> [[ChromeDriver: chrome on windows (c90de583734e0d1b3c36063ad5008d07)] -> name: LNAME]<br>
Sleeping ... zZz 1<br>
3340 bailey ave <-----> has been put into <-----> [[ChromeDriver: chrome on windows (c90de583734e0d1b3c36063ad5008d07)] -> xpath: //input[@name='ADDRESS1']]<br>
Sleeping ... zZz 1<br>
Buffalo  <-----> has been put into <-----> [[ChromeDriver: chrome on windows (c90de583734e0d1b3c36063ad5008d07)] -> xpath: //input[@id='CITY']]<br>
Sleeping ... zZz 1<br>
[[ChromeDriver: chrome on windows (c90de583734e0d1b3c36063ad5008d07)] -> xpath: //select[@id='STATE']]<---------> has been clicked<br>
New York has been selected from the dropdown of ---> [[ChromeDriver: chrome on windows (c90de583734e0d1b3c36063ad5008d07)] -> xpath: //select[@id='STATE']]<br>
14215 <-----> has been put into <-----> [[ChromeDriver: chrome on windows (c90de583734e0d1b3c36063ad5008d07)] -> xpath: //input[@name='POSTAL_CODE']]<br>
Sleeping ... zZz 1<br>
[[ChromeDriver: chrome on windows (c90de583734e0d1b3c36063ad5008d07)] -> xpath: //select[@Id='CURRENT_LOCATION']]<---------> has been clicked<br>
United States has been selected from the dropdown of ---> [[ChromeDriver: chrome on windows (c90de583734e0d1b3c36063ad5008d07)] -> xpath: //select[@Id='CURRENT_LOCATION']]<br>
Sleeping ... zZz 1<br>
[[ChromeDriver: chrome on windows (c90de583734e0d1b3c36063ad5008d07)] -> xpath: //select[@Id='CURRENT_LOCATION']]<---------> has been clicked<br>
United States has been selected from the dropdown of ---> [[ChromeDriver: chrome on windows (c90de583734e0d1b3c36063ad5008d07)] -> xpath: //select[@id='NATIONALITY']]<br>
Sleeping ... zZz 1<br>
078 <-----> has been put into <-----> [[ChromeDriver: chrome on windows (c90de583734e0d1b3c36063ad5008d07)] -> xpath: //input[@id='ssn1']]<br>
09 <-----> has been put into <-----> [[ChromeDriver: chrome on windows (c90de583734e0d1b3c36063ad5008d07)] -> xpath: //input[@id='ssn2']]<br>
9874 <-----> has been put into <-----> [[ChromeDriver: chrome on windows (c90de583734e0d1b3c36063ad5008d07)] -> xpath: //input[@id='ssn3']]<br>
Sleeping ... zZz 1<br>
811789881 <-----> has been put into <-----> [[ChromeDriver: chrome on windows (c90de583734e0d1b3c36063ad5008d07)] -> xpath: //input[@name='state_drivingid']]<br>
Sleeping ... zZz 1<br>
[[ChromeDriver: chrome on windows (c90de583734e0d1b3c36063ad5008d07)] -> xpath: //select[@id='D1']]<---------> has been clicked<br>
New York has been selected from the dropdown of ---> [[ChromeDriver: chrome on windows (c90de583734e0d1b3c36063ad5008d07)] -> xpath: //select[@id='D1']]<br>
Sleeping ... zZz 1<br>
929 <-----> has been put into <-----> [[ChromeDriver: chrome on windows (c90de583734e0d1b3c36063ad5008d07)] -> xpath: //input[@id='C_PHONE']]<br>
315 <-----> has been put into <-----> [[ChromeDriver: chrome on windows (c90de583734e0d1b3c36063ad5008d07)] -> xpath: //input[@id='CI_PHONE']]<br>
4398 <-----> has been put into <-----> [[ChromeDriver: chrome on windows (c90de583734e0d1b3c36063ad5008d07)] -> xpath: //input[@id='PHONE']]<br>
Sleeping ... zZz 1<br>
[[ChromeDriver: chrome on windows (c90de583734e0d1b3c36063ad5008d07)] -> xpath: //select[@class='form-control' and @name='PROMOTIONAL_QCODE-2']]<---------> has been clicked<br>
Sleeping ... zZz 2<br>
Greater than USD 100,000 has been selected from the dropdown of ---> [[ChromeDriver: chrome on windows (c90de583734e0d1b3c36063ad5008d07)] -> xpath: //select[@class='form-control' and @name='PROMOTIONAL_QCODE-2']]<br>
Sleeping ... zZz 2<br>
[[ChromeDriver: chrome on windows (c90de583734e0d1b3c36063ad5008d07)] -> xpath: //select[@name='OCCUPATION']]<---------> has been clicked<br>
Customer service/support has been selected from the dropdown of ---> [[ChromeDriver: chrome on windows (c90de583734e0d1b3c36063ad5008d07)] -> xpath: //select[@name='OCCUPATION']]<br>
Sleeping ... zZz 1<br>
[[ChromeDriver: chrome on windows (c90de583734e0d1b3c36063ad5008d07)] -> xpath: //select[@id='MONTH']]<---------> has been clicked<br>
June has been selected from the dropdown of ---> [[ChromeDriver: chrome on windows (c90de583734e0d1b3c36063ad5008d07)] -> xpath: //select[@id='MONTH']]<br>
Sleeping ... zZz 1<br>
[[ChromeDriver: chrome on windows (c90de583734e0d1b3c36063ad5008d07)] -> xpath: //select[@id='DAY']]<---------> has been clicked<br>
3 has been selected from the dropdown of ---> [[ChromeDriver: chrome on windows (c90de583734e0d1b3c36063ad5008d07)] -> xpath: //select[@id='DAY']]<br>
Sleeping ... zZz 1<br>
[[ChromeDriver: chrome on windows (c90de583734e0d1b3c36063ad5008d07)] -> xpath: //select[@id='DAY']]<---------> has been clicked<br>
1947 has been selected from the dropdown of ---> [[ChromeDriver: chrome on windows (c90de583734e0d1b3c36063ad5008d07)] -> xpath: //select[@id='YEAR']]<br>
Sleeping ... zZz 1<br>]]>
    </system-out>
  </testcase> <!-- inputTextInUserIdAndPasswordFieldThenClickLoginButtonTest -->
  <system-out>
    <![CDATA[Sleeping ... zZz 1<br>
[[ChromeDriver: chrome on windows (c90de583734e0d1b3c36063ad5008d07)] -> xpath: //a[text()='Sign Up']]<---------> has been clicked<br>
Sleeping ... zZz 1<br>
ruhulrana82@yahoo.com <-----> has been put into <-----> [[ChromeDriver: chrome on windows (c90de583734e0d1b3c36063ad5008d07)] -> xpath: //input[@id='EMAIL']]<br>
Sleeping ... zZz 1<br>
Md <-----> has been put into <-----> [[ChromeDriver: chrome on windows (c90de583734e0d1b3c36063ad5008d07)] -> xpath: //input[@id='FNAME']]<br>
Sleeping ... zZz 1<br>
B <-----> has been put into <-----> [[ChromeDriver: chrome on windows (c90de583734e0d1b3c36063ad5008d07)] -> xpath: //input[@name='MNAME']]<br>
Sleeping ... zZz 1<br>
Chowdhury <-----> has been put into <-----> [[ChromeDriver: chrome on windows (c90de583734e0d1b3c36063ad5008d07)] -> name: LNAME]<br>
Sleeping ... zZz 1<br>
3340 bailey ave <-----> has been put into <-----> [[ChromeDriver: chrome on windows (c90de583734e0d1b3c36063ad5008d07)] -> xpath: //input[@name='ADDRESS1']]<br>
Sleeping ... zZz 1<br>
Buffalo  <-----> has been put into <-----> [[ChromeDriver: chrome on windows (c90de583734e0d1b3c36063ad5008d07)] -> xpath: //input[@id='CITY']]<br>
Sleeping ... zZz 1<br>
[[ChromeDriver: chrome on windows (c90de583734e0d1b3c36063ad5008d07)] -> xpath: //select[@id='STATE']]<---------> has been clicked<br>
New York has been selected from the dropdown of ---> [[ChromeDriver: chrome on windows (c90de583734e0d1b3c36063ad5008d07)] -> xpath: //select[@id='STATE']]<br>
14215 <-----> has been put into <-----> [[ChromeDriver: chrome on windows (c90de583734e0d1b3c36063ad5008d07)] -> xpath: //input[@name='POSTAL_CODE']]<br>
Sleeping ... zZz 1<br>
[[ChromeDriver: chrome on windows (c90de583734e0d1b3c36063ad5008d07)] -> xpath: //select[@Id='CURRENT_LOCATION']]<---------> has been clicked<br>
United States has been selected from the dropdown of ---> [[ChromeDriver: chrome on windows (c90de583734e0d1b3c36063ad5008d07)] -> xpath: //select[@Id='CURRENT_LOCATION']]<br>
Sleeping ... zZz 1<br>
[[ChromeDriver: chrome on windows (c90de583734e0d1b3c36063ad5008d07)] -> xpath: //select[@Id='CURRENT_LOCATION']]<---------> has been clicked<br>
United States has been selected from the dropdown of ---> [[ChromeDriver: chrome on windows (c90de583734e0d1b3c36063ad5008d07)] -> xpath: //select[@id='NATIONALITY']]<br>
Sleeping ... zZz 1<br>
078 <-----> has been put into <-----> [[ChromeDriver: chrome on windows (c90de583734e0d1b3c36063ad5008d07)] -> xpath: //input[@id='ssn1']]<br>
09 <-----> has been put into <-----> [[ChromeDriver: chrome on windows (c90de583734e0d1b3c36063ad5008d07)] -> xpath: //input[@id='ssn2']]<br>
9874 <-----> has been put into <-----> [[ChromeDriver: chrome on windows (c90de583734e0d1b3c36063ad5008d07)] -> xpath: //input[@id='ssn3']]<br>
Sleeping ... zZz 1<br>
811789881 <-----> has been put into <-----> [[ChromeDriver: chrome on windows (c90de583734e0d1b3c36063ad5008d07)] -> xpath: //input[@name='state_drivingid']]<br>
Sleeping ... zZz 1<br>
[[ChromeDriver: chrome on windows (c90de583734e0d1b3c36063ad5008d07)] -> xpath: //select[@id='D1']]<---------> has been clicked<br>
New York has been selected from the dropdown of ---> [[ChromeDriver: chrome on windows (c90de583734e0d1b3c36063ad5008d07)] -> xpath: //select[@id='D1']]<br>
Sleeping ... zZz 1<br>
929 <-----> has been put into <-----> [[ChromeDriver: chrome on windows (c90de583734e0d1b3c36063ad5008d07)] -> xpath: //input[@id='C_PHONE']]<br>
315 <-----> has been put into <-----> [[ChromeDriver: chrome on windows (c90de583734e0d1b3c36063ad5008d07)] -> xpath: //input[@id='CI_PHONE']]<br>
4398 <-----> has been put into <-----> [[ChromeDriver: chrome on windows (c90de583734e0d1b3c36063ad5008d07)] -> xpath: //input[@id='PHONE']]<br>
Sleeping ... zZz 1<br>
[[ChromeDriver: chrome on windows (c90de583734e0d1b3c36063ad5008d07)] -> xpath: //select[@class='form-control' and @name='PROMOTIONAL_QCODE-2']]<---------> has been clicked<br>
Sleeping ... zZz 2<br>
Greater than USD 100,000 has been selected from the dropdown of ---> [[ChromeDriver: chrome on windows (c90de583734e0d1b3c36063ad5008d07)] -> xpath: //select[@class='form-control' and @name='PROMOTIONAL_QCODE-2']]<br>
Sleeping ... zZz 2<br>
[[ChromeDriver: chrome on windows (c90de583734e0d1b3c36063ad5008d07)] -> xpath: //select[@name='OCCUPATION']]<---------> has been clicked<br>
Customer service/support has been selected from the dropdown of ---> [[ChromeDriver: chrome on windows (c90de583734e0d1b3c36063ad5008d07)] -> xpath: //select[@name='OCCUPATION']]<br>
Sleeping ... zZz 1<br>
[[ChromeDriver: chrome on windows (c90de583734e0d1b3c36063ad5008d07)] -> xpath: //select[@id='MONTH']]<---------> has been clicked<br>
June has been selected from the dropdown of ---> [[ChromeDriver: chrome on windows (c90de583734e0d1b3c36063ad5008d07)] -> xpath: //select[@id='MONTH']]<br>
Sleeping ... zZz 1<br>
[[ChromeDriver: chrome on windows (c90de583734e0d1b3c36063ad5008d07)] -> xpath: //select[@id='DAY']]<---------> has been clicked<br>
3 has been selected from the dropdown of ---> [[ChromeDriver: chrome on windows (c90de583734e0d1b3c36063ad5008d07)] -> xpath: //select[@id='DAY']]<br>
Sleeping ... zZz 1<br>
[[ChromeDriver: chrome on windows (c90de583734e0d1b3c36063ad5008d07)] -> xpath: //select[@id='DAY']]<---------> has been clicked<br>
1947 has been selected from the dropdown of ---> [[ChromeDriver: chrome on windows (c90de583734e0d1b3c36063ad5008d07)] -> xpath: //select[@id='YEAR']]<br>
Sleeping ... zZz 1<br>]]>
  </system-out>
</testsuite> <!-- pagesTest.HomePageTest -->
